mode: atomic
github.com/jay-bhogayata/notifyHub/config.go:7.33,10.20 2 2
github.com/jay-bhogayata/notifyHub/config.go:10.20,12.40 2 1
github.com/jay-bhogayata/notifyHub/config.go:15.2,16.27 2 1
github.com/jay-bhogayata/notifyHub/config.go:16.27,18.47 2 0
github.com/jay-bhogayata/notifyHub/erros.go:5.86,8.16 3 0
github.com/jay-bhogayata/notifyHub/erros.go:8.16,10.3 1 0
github.com/jay-bhogayata/notifyHub/erros.go:13.77,17.2 3 0
github.com/jay-bhogayata/notifyHub/erros.go:19.76,21.2 1 0
github.com/jay-bhogayata/notifyHub/handlers.go:23.77,28.16 3 1
github.com/jay-bhogayata/notifyHub/handlers.go:28.16,30.3 1 0
github.com/jay-bhogayata/notifyHub/handlers.go:50.74,59.16 3 0
github.com/jay-bhogayata/notifyHub/handlers.go:59.16,62.3 2 0
github.com/jay-bhogayata/notifyHub/handlers.go:64.2,67.16 3 0
github.com/jay-bhogayata/notifyHub/handlers.go:67.16,70.3 2 0
github.com/jay-bhogayata/notifyHub/handlers.go:72.2,77.16 5 0
github.com/jay-bhogayata/notifyHub/handlers.go:77.16,80.3 2 0
github.com/jay-bhogayata/notifyHub/handlers.go:82.2,88.16 3 0
github.com/jay-bhogayata/notifyHub/handlers.go:88.16,90.3 1 0
github.com/jay-bhogayata/notifyHub/handlers.go:108.73,116.16 3 0
github.com/jay-bhogayata/notifyHub/handlers.go:116.16,119.3 2 0
github.com/jay-bhogayata/notifyHub/handlers.go:121.2,124.16 3 0
github.com/jay-bhogayata/notifyHub/handlers.go:124.16,127.3 2 0
github.com/jay-bhogayata/notifyHub/handlers.go:129.2,134.16 4 0
github.com/jay-bhogayata/notifyHub/handlers.go:134.16,137.3 2 0
github.com/jay-bhogayata/notifyHub/handlers.go:139.2,145.16 3 0
github.com/jay-bhogayata/notifyHub/handlers.go:145.16,147.3 1 0
github.com/jay-bhogayata/notifyHub/helpers.go:14.93,17.16 2 1
github.com/jay-bhogayata/notifyHub/helpers.go:17.16,19.3 1 0
github.com/jay-bhogayata/notifyHub/helpers.go:21.2,23.28 2 1
github.com/jay-bhogayata/notifyHub/helpers.go:23.28,25.3 1 0
github.com/jay-bhogayata/notifyHub/helpers.go:27.2,30.12 4 1
github.com/jay-bhogayata/notifyHub/helpers.go:33.78,43.16 6 0
github.com/jay-bhogayata/notifyHub/helpers.go:43.16,48.10 4 0
github.com/jay-bhogayata/notifyHub/helpers.go:49.37,50.94 1 0
github.com/jay-bhogayata/notifyHub/helpers.go:52.44,53.56 1 0
github.com/jay-bhogayata/notifyHub/helpers.go:55.44,56.38 1 0
github.com/jay-bhogayata/notifyHub/helpers.go:56.38,58.5 1 0
github.com/jay-bhogayata/notifyHub/helpers.go:59.4,59.103 1 0
github.com/jay-bhogayata/notifyHub/helpers.go:61.31,62.47 1 0
github.com/jay-bhogayata/notifyHub/helpers.go:64.63,66.64 2 0
github.com/jay-bhogayata/notifyHub/helpers.go:67.54,68.72 1 0
github.com/jay-bhogayata/notifyHub/helpers.go:70.47,71.14 1 0
github.com/jay-bhogayata/notifyHub/helpers.go:72.11,73.14 1 0
github.com/jay-bhogayata/notifyHub/helpers.go:77.2,78.19 2 0
github.com/jay-bhogayata/notifyHub/helpers.go:78.19,80.3 1 0
github.com/jay-bhogayata/notifyHub/helpers.go:81.2,81.12 1 0
github.com/jay-bhogayata/notifyHub/logger.go:10.38,12.2 1 1
github.com/jay-bhogayata/notifyHub/main.go:24.13,35.2 5 0
github.com/jay-bhogayata/notifyHub/middleware.go:15.62,18.2 2 0
github.com/jay-bhogayata/notifyHub/middleware.go:20.72,24.2 3 0
github.com/jay-bhogayata/notifyHub/middleware.go:26.46,27.71 1 0
github.com/jay-bhogayata/notifyHub/middleware.go:27.71,28.37 1 0
github.com/jay-bhogayata/notifyHub/middleware.go:28.37,31.4 2 0
github.com/jay-bhogayata/notifyHub/middleware.go:32.3,40.37 5 0
github.com/jay-bhogayata/notifyHub/middleware.go:40.37,43.4 2 0
github.com/jay-bhogayata/notifyHub/middleware.go:43.9,43.50 1 0
github.com/jay-bhogayata/notifyHub/middleware.go:43.50,46.4 2 0
github.com/jay-bhogayata/notifyHub/middleware.go:46.9,46.61 1 0
github.com/jay-bhogayata/notifyHub/middleware.go:46.61,49.4 2 0
github.com/jay-bhogayata/notifyHub/middleware.go:49.9,52.4 2 0
github.com/jay-bhogayata/notifyHub/server.go:18.50,53.2 12 0
github.com/jay-bhogayata/notifyHub/server.go:55.38,61.12 4 0
github.com/jay-bhogayata/notifyHub/server.go:61.12,64.48 3 0
github.com/jay-bhogayata/notifyHub/server.go:64.48,67.4 2 0
github.com/jay-bhogayata/notifyHub/server.go:71.2,76.45 4 0
github.com/jay-bhogayata/notifyHub/server.go:76.45,79.3 2 0
github.com/jay-bhogayata/notifyHub/server.go:81.2,81.42 1 0
github.com/jay-bhogayata/notifyHub/ses.go:12.83,20.16 4 0
github.com/jay-bhogayata/notifyHub/ses.go:20.16,23.3 1 0
github.com/jay-bhogayata/notifyHub/ses.go:25.2,46.16 4 0
github.com/jay-bhogayata/notifyHub/ses.go:46.16,48.3 1 0
github.com/jay-bhogayata/notifyHub/ses.go:50.2,50.12 1 0
github.com/jay-bhogayata/notifyHub/sns.go:13.68,14.40 1 0
github.com/jay-bhogayata/notifyHub/sns.go:14.40,15.30 1 0
github.com/jay-bhogayata/notifyHub/sns.go:15.30,17.4 1 0
github.com/jay-bhogayata/notifyHub/sns.go:19.2,19.49 1 0
github.com/jay-bhogayata/notifyHub/sns.go:24.73,28.16 2 0
github.com/jay-bhogayata/notifyHub/sns.go:28.16,31.3 1 0
github.com/jay-bhogayata/notifyHub/sns.go:33.2,40.16 4 0
github.com/jay-bhogayata/notifyHub/sns.go:40.16,43.3 2 0
github.com/jay-bhogayata/notifyHub/sns.go:45.2,47.42 2 0
github.com/jay-bhogayata/notifyHub/sns.go:47.42,49.3 1 0
github.com/jay-bhogayata/notifyHub/sns.go:51.2,52.16 2 0
github.com/jay-bhogayata/notifyHub/sns.go:52.16,56.3 2 0
github.com/jay-bhogayata/notifyHub/sns.go:58.2,67.16 5 0
github.com/jay-bhogayata/notifyHub/sns.go:67.16,70.3 2 0
github.com/jay-bhogayata/notifyHub/sns.go:72.2,72.29 1 0
github.com/jay-bhogayata/notifyHub/sns.go:72.29,74.3 1 0
github.com/jay-bhogayata/notifyHub/sns.go:74.8,77.3 2 0
github.com/jay-bhogayata/notifyHub/sns.go:79.2,79.12 1 0
